<component name="libraryTable">
  <library name="junit-4.9 (5)">
    <CLASSES>
      <root url="jar://$PROJECT_DIR$/ajax_01/web/WEB-INF/lib/junit-4.9.jar!/" />
    </CLASSES>
    <JAVADOC />
    <SOURCES />
  </library>
</component>