<component name="libraryTable">
  <library name="junit-4.9 (3)">
    <CLASSES>
      <root url="jar://$PROJECT_DIR$/mybatis01/lib/junit-4.9.jar!/" />
    </CLASSES>
    <JAVADOC />
    <SOURCES />
  </library>
</component>